<?xml version="1.0" encoding="UTF-8"?>
<!-- Generated by org.testng.reporters.JUnitReportReporter -->
<testsuite hostname="DESKTOP-3LAS9CR" failures="0" tests="3" name="pack1.ScreenTest" time="0.076" errors="3" timestamp="11 Feb 2019 21:33:23 GMT" skipped="0">
  <testcase classname="pack1.ScreenTest" name="Facebook" time="0.027">
    <error message="Method pack1.ScreenTest.Facebook() didn&#039;t finish within the time-out 20" type="org.testng.internal.thread.ThreadTimeoutException">
      <![CDATA[org.testng.internal.thread.ThreadTimeoutException: Method pack1.ScreenTest.Facebook() didn't finish within the time-out 20
at java.base@10.0.1/java.net.SocketInputStream.socketRead0(Native Method)
at java.base@10.0.1/java.net.SocketInputStream.socketRead(Unknown Source)
at java.base@10.0.1/java.net.SocketInputStream.read(Unknown Source)
at java.base@10.0.1/java.net.SocketInputStream.read(Unknown Source)
at app//org.apache.http.impl.conn.LoggingInputStream.read(LoggingInputStream.java:87)
at app//org.apache.http.impl.io.SessionInputBufferImpl.streamRead(SessionInputBufferImpl.java:139)
at app//org.apache.http.impl.io.SessionInputBufferImpl.fillBuffer(SessionInputBufferImpl.java:155)
at app//org.apache.http.impl.io.SessionInputBufferImpl.readLine(SessionInputBufferImpl.java:284)
at app//org.apache.http.impl.conn.DefaultHttpResponseParser.parseHead(DefaultHttpResponseParser.java:140)
at app//org.apache.http.impl.conn.DefaultHttpResponseParser.parseHead(DefaultHttpResponseParser.java:57)
at app//org.apache.http.impl.io.AbstractMessageParser.parse(AbstractMessageParser.java:261)
at app//org.apache.http.impl.DefaultBHttpClientConnection.receiveResponseHeader(DefaultBHttpClientConnection.java:165)
at app//org.apache.http.impl.conn.CPoolProxy.receiveResponseHeader(CPoolProxy.java:167)
at app//org.apache.http.protocol.HttpRequestExecutor.doReceiveResponse(HttpRequestExecutor.java:272)
at app//org.apache.http.protocol.HttpRequestExecutor.execute(HttpRequestExecutor.java:124)
at app//org.apache.http.impl.execchain.MainClientExec.execute(MainClientExec.java:271)
at app//org.apache.http.impl.execchain.ProtocolExec.execute(ProtocolExec.java:184)
at app//org.apache.http.impl.execchain.RetryExec.execute(RetryExec.java:88)
at app//org.apache.http.impl.execchain.RedirectExec.execute(RedirectExec.java:110)
at app//org.apache.http.impl.client.InternalHttpClient.doExecute(InternalHttpClient.java:184)
at app//org.apache.http.impl.client.CloseableHttpClient.execute(CloseableHttpClient.java:71)
at app//org.apache.http.impl.client.CloseableHttpClient.execute(CloseableHttpClient.java:55)
at app//org.openqa.selenium.remote.internal.ApacheHttpClient.fallBackExecute(ApacheHttpClient.java:144)
at app//org.openqa.selenium.remote.internal.ApacheHttpClient.execute(ApacheHttpClient.java:90)
at app//org.openqa.selenium.remote.HttpCommandExecutor.execute(HttpCommandExecutor.java:142)
at app//org.openqa.selenium.remote.service.DriverCommandExecutor.execute(DriverCommandExecutor.java:82)
at app//org.openqa.selenium.remote.RemoteWebDriver.execute(RemoteWebDriver.java:644)
at app//org.openqa.selenium.remote.RemoteWebDriver.get(RemoteWebDriver.java:316)
at app//pack1.ScreenTest.Facebook(ScreenTest.java:21)
at java.base@10.0.1/jdk.internal.reflect.NativeMethodAccessorImpl.invoke0(Native Method)
at java.base@10.0.1/jdk.internal.reflect.NativeMethodAccessorImpl.invoke(Unknown Source)
at java.base@10.0.1/jdk.internal.reflect.DelegatingMethodAccessorImpl.invoke(Unknown Source)
at java.base@10.0.1/java.lang.reflect.Method.invoke(Unknown Source)
at app//org.testng.internal.MethodInvocationHelper.invokeMethod(MethodInvocationHelper.java:124)
at app//org.testng.internal.InvokeMethodRunnable.runOne(InvokeMethodRunnable.java:54)
at app//org.testng.internal.InvokeMethodRunnable.run(InvokeMethodRunnable.java:44)
at java.base@10.0.1/java.util.concurrent.Executors$RunnableAdapter.call(Unknown Source)
at java.base@10.0.1/java.util.concurrent.FutureTask.run(Unknown Source)
at java.base@10.0.1/java.util.concurrent.ThreadPoolExecutor.runWorker(Unknown Source)
at java.base@10.0.1/java.util.concurrent.ThreadPoolExecutor$Worker.run(Unknown Source)
at java.base@10.0.1/java.lang.Thread.run(Unknown Source)
]]>
    </error>
  </testcase> <!-- Facebook -->
  <testcase classname="pack1.ScreenTest" name="Facebook" time="0.024">
    <error message="Method pack1.ScreenTest.Facebook() didn&#039;t finish within the time-out 20" type="org.testng.internal.thread.ThreadTimeoutException">
      <![CDATA[org.testng.internal.thread.ThreadTimeoutException: Method pack1.ScreenTest.Facebook() didn't finish within the time-out 20
at java.base@10.0.1/java.net.SocketInputStream.socketRead0(Native Method)
at java.base@10.0.1/java.net.SocketInputStream.socketRead(Unknown Source)
at java.base@10.0.1/java.net.SocketInputStream.read(Unknown Source)
at java.base@10.0.1/java.net.SocketInputStream.read(Unknown Source)
at app//org.apache.http.impl.conn.LoggingInputStream.read(LoggingInputStream.java:87)
at app//org.apache.http.impl.io.SessionInputBufferImpl.streamRead(SessionInputBufferImpl.java:139)
at app//org.apache.http.impl.io.SessionInputBufferImpl.fillBuffer(SessionInputBufferImpl.java:155)
at app//org.apache.http.impl.io.SessionInputBufferImpl.readLine(SessionInputBufferImpl.java:284)
at app//org.apache.http.impl.conn.DefaultHttpResponseParser.parseHead(DefaultHttpResponseParser.java:140)
at app//org.apache.http.impl.conn.DefaultHttpResponseParser.parseHead(DefaultHttpResponseParser.java:57)
at app//org.apache.http.impl.io.AbstractMessageParser.parse(AbstractMessageParser.java:261)
at app//org.apache.http.impl.DefaultBHttpClientConnection.receiveResponseHeader(DefaultBHttpClientConnection.java:165)
at app//org.apache.http.impl.conn.CPoolProxy.receiveResponseHeader(CPoolProxy.java:167)
at app//org.apache.http.protocol.HttpRequestExecutor.doReceiveResponse(HttpRequestExecutor.java:272)
at app//org.apache.http.protocol.HttpRequestExecutor.execute(HttpRequestExecutor.java:124)
at app//org.apache.http.impl.execchain.MainClientExec.execute(MainClientExec.java:271)
at app//org.apache.http.impl.execchain.ProtocolExec.execute(ProtocolExec.java:184)
at app//org.apache.http.impl.execchain.RetryExec.execute(RetryExec.java:88)
at app//org.apache.http.impl.execchain.RedirectExec.execute(RedirectExec.java:110)
at app//org.apache.http.impl.client.InternalHttpClient.doExecute(InternalHttpClient.java:184)
at app//org.apache.http.impl.client.CloseableHttpClient.execute(CloseableHttpClient.java:71)
at app//org.apache.http.impl.client.CloseableHttpClient.execute(CloseableHttpClient.java:55)
at app//org.openqa.selenium.remote.internal.ApacheHttpClient.fallBackExecute(ApacheHttpClient.java:144)
at app//org.openqa.selenium.remote.internal.ApacheHttpClient.execute(ApacheHttpClient.java:90)
at app//org.openqa.selenium.remote.HttpCommandExecutor.execute(HttpCommandExecutor.java:142)
at app//org.openqa.selenium.remote.service.DriverCommandExecutor.execute(DriverCommandExecutor.java:82)
at app//org.openqa.selenium.remote.RemoteWebDriver.execute(RemoteWebDriver.java:644)
at app//org.openqa.selenium.remote.RemoteWebDriver.get(RemoteWebDriver.java:316)
at app//pack1.ScreenTest.Facebook(ScreenTest.java:21)
at java.base@10.0.1/jdk.internal.reflect.NativeMethodAccessorImpl.invoke0(Native Method)
at java.base@10.0.1/jdk.internal.reflect.NativeMethodAccessorImpl.invoke(Unknown Source)
at java.base@10.0.1/jdk.internal.reflect.DelegatingMethodAccessorImpl.invoke(Unknown Source)
at java.base@10.0.1/java.lang.reflect.Method.invoke(Unknown Source)
at app//org.testng.internal.MethodInvocationHelper.invokeMethod(MethodInvocationHelper.java:124)
at app//org.testng.internal.InvokeMethodRunnable.runOne(InvokeMethodRunnable.java:54)
at app//org.testng.internal.InvokeMethodRunnable.run(InvokeMethodRunnable.java:44)
at java.base@10.0.1/java.util.concurrent.Executors$RunnableAdapter.call(Unknown Source)
at java.base@10.0.1/java.util.concurrent.FutureTask.run(Unknown Source)
at java.base@10.0.1/java.util.concurrent.ThreadPoolExecutor.runWorker(Unknown Source)
at java.base@10.0.1/java.util.concurrent.ThreadPoolExecutor$Worker.run(Unknown Source)
at java.base@10.0.1/java.lang.Thread.run(Unknown Source)
]]>
    </error>
  </testcase> <!-- Facebook -->
  <testcase classname="pack1.ScreenTest" name="Facebook" time="0.025">
    <error message="Method pack1.ScreenTest.Facebook() didn&#039;t finish within the time-out 20" type="org.testng.internal.thread.ThreadTimeoutException">
      <![CDATA[org.testng.internal.thread.ThreadTimeoutException: Method pack1.ScreenTest.Facebook() didn't finish within the time-out 20
at java.base@10.0.1/java.net.SocketInputStream.socketRead0(Native Method)
at java.base@10.0.1/java.net.SocketInputStream.socketRead(Unknown Source)
at java.base@10.0.1/java.net.SocketInputStream.read(Unknown Source)
at java.base@10.0.1/java.net.SocketInputStream.read(Unknown Source)
at app//org.apache.http.impl.conn.LoggingInputStream.read(LoggingInputStream.java:87)
at app//org.apache.http.impl.io.SessionInputBufferImpl.streamRead(SessionInputBufferImpl.java:139)
at app//org.apache.http.impl.io.SessionInputBufferImpl.fillBuffer(SessionInputBufferImpl.java:155)
at app//org.apache.http.impl.io.SessionInputBufferImpl.readLine(SessionInputBufferImpl.java:284)
at app//org.apache.http.impl.conn.DefaultHttpResponseParser.parseHead(DefaultHttpResponseParser.java:140)
at app//org.apache.http.impl.conn.DefaultHttpResponseParser.parseHead(DefaultHttpResponseParser.java:57)
at app//org.apache.http.impl.io.AbstractMessageParser.parse(AbstractMessageParser.java:261)
at app//org.apache.http.impl.DefaultBHttpClientConnection.receiveResponseHeader(DefaultBHttpClientConnection.java:165)
at app//org.apache.http.impl.conn.CPoolProxy.receiveResponseHeader(CPoolProxy.java:167)
at app//org.apache.http.protocol.HttpRequestExecutor.doReceiveResponse(HttpRequestExecutor.java:272)
at app//org.apache.http.protocol.HttpRequestExecutor.execute(HttpRequestExecutor.java:124)
at app//org.apache.http.impl.execchain.MainClientExec.execute(MainClientExec.java:271)
at app//org.apache.http.impl.execchain.ProtocolExec.execute(ProtocolExec.java:184)
at app//org.apache.http.impl.execchain.RetryExec.execute(RetryExec.java:88)
at app//org.apache.http.impl.execchain.RedirectExec.execute(RedirectExec.java:110)
at app//org.apache.http.impl.client.InternalHttpClient.doExecute(InternalHttpClient.java:184)
at app//org.apache.http.impl.client.CloseableHttpClient.execute(CloseableHttpClient.java:71)
at app//org.apache.http.impl.client.CloseableHttpClient.execute(CloseableHttpClient.java:55)
at app//org.openqa.selenium.remote.internal.ApacheHttpClient.fallBackExecute(ApacheHttpClient.java:144)
at app//org.openqa.selenium.remote.internal.ApacheHttpClient.execute(ApacheHttpClient.java:90)
at app//org.openqa.selenium.remote.HttpCommandExecutor.execute(HttpCommandExecutor.java:142)
at app//org.openqa.selenium.remote.service.DriverCommandExecutor.execute(DriverCommandExecutor.java:82)
at app//org.openqa.selenium.remote.RemoteWebDriver.execute(RemoteWebDriver.java:644)
at app//org.openqa.selenium.remote.RemoteWebDriver.get(RemoteWebDriver.java:316)
at app//pack1.ScreenTest.Facebook(ScreenTest.java:21)
at java.base@10.0.1/jdk.internal.reflect.NativeMethodAccessorImpl.invoke0(Native Method)
at java.base@10.0.1/jdk.internal.reflect.NativeMethodAccessorImpl.invoke(Unknown Source)
at java.base@10.0.1/jdk.internal.reflect.DelegatingMethodAccessorImpl.invoke(Unknown Source)
at java.base@10.0.1/java.lang.reflect.Method.invoke(Unknown Source)
at app//org.testng.internal.MethodInvocationHelper.invokeMethod(MethodInvocationHelper.java:124)
at app//org.testng.internal.InvokeMethodRunnable.runOne(InvokeMethodRunnable.java:54)
at app//org.testng.internal.InvokeMethodRunnable.run(InvokeMethodRunnable.java:44)
at java.base@10.0.1/java.util.concurrent.Executors$RunnableAdapter.call(Unknown Source)
at java.base@10.0.1/java.util.concurrent.FutureTask.run(Unknown Source)
at java.base@10.0.1/java.util.concurrent.ThreadPoolExecutor.runWorker(Unknown Source)
at java.base@10.0.1/java.util.concurrent.ThreadPoolExecutor$Worker.run(Unknown Source)
at java.base@10.0.1/java.lang.Thread.run(Unknown Source)
]]>
    </error>
  </testcase> <!-- Facebook -->
</testsuite> <!-- pack1.ScreenTest -->
