<?xml version="1.0" encoding="UTF-8"?>
<!-- Generated by org.testng.reporters.JUnitReportReporter -->
<testsuite hostname="DESKTOP-3LAS9CR" failures="0" tests="3" name="failedTestRunning.TestClass" time="0.000" errors="0" timestamp="01 Aug 2019 15:35:48 GMT" skipped="3">
  <testcase classname="failedTestRunning.TestClass" name="test1" time="0.000">
    <skipped/>
  </testcase> <!-- test1 -->
  <testcase classname="failedTestRunning.TestClass" name="test3" time="0.000">
    <skipped/>
  </testcase> <!-- test3 -->
  <testcase classname="failedTestRunning.TestClass" name="test2" time="0.000">
    <skipped/>
  </testcase> <!-- test2 -->
</testsuite> <!-- failedTestRunning.TestClass -->
